<?xml version="1.0" encoding="UTF-8"?>
<!-- Generated by org.testng.reporters.JUnitXMLReporter -->
<testsuite hostname="Lahari" ignored="2" name="Default test" tests="1" failures="0" timestamp="12 Sep 2017 19:34:38 GMT" time="73.872" errors="0">
  <testcase name="Tc_06_addtheitemtoTrolley" time="61.282" classname="com.argos.project.testcases.TelevisionProductTestCase_part2"/>
  <testcase name="Tc_01_televisionProductTestCase1" time="0.0" classname="com.argos.project.testcases.TelevisionProductTestCase_part2">
    <ignored/>
  </testcase> <!-- Tc_01_televisionProductTestCase1 -->
  <testcase name="Tc_01_televisionProductTestCase_verify_built_in_wifi_product" time="0.0" classname="com.argos.project.testcases.TelevisionProductTestCase_part2">
    <ignored/>
  </testcase> <!-- Tc_01_televisionProductTestCase_verify_built_in_wifi_product -->
</testsuite> <!-- Default test -->
