<?xml version="1.0" encoding="UTF-8"?>
<!-- Generated by org.testng.reporters.JUnitXMLReporter -->
<testsuite hostname="Lahari" ignored="1" name="Default test" tests="1" failures="0" timestamp="03 Sep 2017 06:46:01 GMT" time="54.966" errors="0">
  <testcase name="Tc_01_televisionProductTestCase1" time="44.064" classname="com.argos.project.testcases.TelevisionProductTestCase"/>
  <testcase name="Tc_01_televisionProductTestCase_verify_built_in_wifi_product" time="0.0" classname="com.argos.project.testcases.TelevisionProductTestCase">
    <ignored/>
  </testcase> <!-- Tc_01_televisionProductTestCase_verify_built_in_wifi_product -->
</testsuite> <!-- Default test -->
