<?xml version="1.0" encoding="UTF-8"?>
<testng-results skipped="0" failed="0" ignored="2" total="3" passed="1">
  <reporter-output>
  </reporter-output>
  <suite name="Default suite" duration-ms="73872" started-at="2017-09-12T19:33:24Z" finished-at="2017-09-12T19:34:38Z">
    <groups>
    </groups>
    <test name="Default test" duration-ms="73872" started-at="2017-09-12T19:33:24Z" finished-at="2017-09-12T19:34:38Z">
      <class name="com.argos.project.testcases.TelevisionProductTestCase_part2">
        <test-method status="PASS" signature="initiateDriver()[pri:0, instance:com.argos.project.testcases.TelevisionProductTestCase_part2@77caeb3e]" name="initiateDriver" is-config="true" duration-ms="12112" started-at="2017-09-13T01:03:24Z" finished-at="2017-09-13T01:03:36Z">
          <reporter-output>
          </reporter-output>
        </test-method> <!-- initiateDriver -->
        <test-method status="PASS" signature="Tc_06_addtheitemtoTrolley()[pri:0, instance:com.argos.project.testcases.TelevisionProductTestCase_part2@77caeb3e]" name="Tc_06_addtheitemtoTrolley" duration-ms="61282" started-at="2017-09-13T01:03:36Z" description=" Add the Item to Add TROLLEY..... " finished-at="2017-09-13T01:04:37Z">
          <reporter-output>
          </reporter-output>
        </test-method> <!-- Tc_06_addtheitemtoTrolley -->
        <test-method status="PASS" signature="closeDriver()[pri:0, instance:com.argos.project.testcases.TelevisionProductTestCase_part2@77caeb3e]" name="closeDriver" is-config="true" duration-ms="428" started-at="2017-09-13T01:04:37Z" finished-at="2017-09-13T01:04:38Z">
          <reporter-output>
          </reporter-output>
        </test-method> <!-- closeDriver -->
      </class> <!-- com.argos.project.testcases.TelevisionProductTestCase_part2 -->
    </test> <!-- Default test -->
  </suite> <!-- Default suite -->
</testng-results>
