<?xml version="1.0" encoding="UTF-8" ?>
<testsuite tests="3" failures="1" name="TestSuite" time="4.571" errors="0" skipped="2">
  <properties>
[...]
</properties>
  <testcase classname="com.argos.project.testcases.TelevisionProductTestCase" name="initiateDriver" time="1.493">
    <failure message="The driver executable does not exist: C:\Users\Sravya\Desktop\MYFlYIN\ArgosPageObjectModel_B\binaries\chromedriver.exe" type="java.lang.IllegalStateException">java.lang.IllegalStateException: The driver executable does not exist: C:\Users\Sravya\Desktop\MYFlYIN\ArgosPageObjectModel_B\binaries\chromedriver.exe
	at com.google.common.base.Preconditions.checkState(Preconditions.java:534)
	at org.openqa.selenium.remote.service.DriverService.checkExecutable(DriverService.java:136)
	at org.openqa.selenium.remote.service.DriverService.findExecutable(DriverService.java:131)
	at org.openqa.selenium.chrome.ChromeDriverService.access$000(ChromeDriverService.java:32)
	at org.openqa.selenium.chrome.ChromeDriverService$Builder.findDefaultExecutable(ChromeDriverService.java:137)
	at org.openqa.selenium.remote.service.DriverService$Builder.build(DriverService.java:329)
	at org.openqa.selenium.chrome.ChromeDriverService.createDefaultService(ChromeDriverService.java:88)
	at org.openqa.selenium.chrome.ChromeDriver.&lt;init&gt;(ChromeDriver.java:124)
	at com.argos.project.testcases.TestBase.getDriver(TestBase.java:20)
	at com.argos.project.testcases.TelevisionProductTestCase.initiateDriver(TelevisionProductTestCase.java:21)
</failure>
    <system-out>Configuring TestNG with: org.apache.maven.surefire.testng.conf.TestNG652Configurator@4aa8f0b4
initialising a browser
</system-out>
  </testcase>
  <testcase classname="com.argos.project.testcases.TelevisionProductTestCase" name="Tc_01_televisionProductTestCase" time="1.538">
    <skipped/>
  </testcase>
  <testcase classname="com.argos.project.testcases.TelevisionProductTestCase" name="closeDriver" time="1.54">
    <skipped/>
  </testcase>
</testsuite>